[2022-07-29 11:59:43,245][rest_client.py 50][INFO]: 接口请求的地址>>>http://admin.5istudy.online/code/
[2022-07-29 11:59:43,245][rest_client.py 51][INFO]: 接口请求的方法>>>POST
[2022-07-29 11:59:43,245][rest_client.py 55][INFO]: 接口请求的json参数>>>
{
  "mobile": 17380900323
}
[2022-07-29 11:59:43,714][response_util.py 10][INFO]: 接口的返回内容>>>：{"mobile": "17380900323"}
[2022-07-29 11:59:43,714][response_util.py 15][INFO]: 接口的返回内容>>>：{"mobile": "17380900323"}
[2022-07-29 11:59:43,714][mysql_util.py 29][INFO]: 执行sql：select code from users_verifycode where mobile = '17380900323' order by id desc limit 1
[2022-07-29 11:59:43,724][mysql_util.py 33][INFO]: sql执行结果：{'code': '7303'}
[2022-07-29 11:59:43,724][conftest.py 9][INFO]: sql执行结果：{'code': '7303'}
[2022-07-29 11:59:43,724][mysql_util.py 29][INFO]: 执行sql：select code from users_verifycode where mobile = '17380900323' order by id desc limit 1
[2022-07-29 11:59:43,734][mysql_util.py 33][INFO]: sql执行结果：{'code': '7303'}
[2022-07-29 11:59:43,734][conftest.py 9][INFO]: sql执行结果：{'code': '7303'}
[2022-07-29 12:00:06,589][mysql_util.py 29][INFO]: 执行sql：select code from users_verifycode where mobile = '17380900323' order by id desc limit 1;
[2022-07-29 12:00:06,601][mysql_util.py 33][INFO]: sql执行结果：{'code': '7303'}
[2022-07-29 12:00:53,354][rest_client.py 50][INFO]: 接口请求的地址>>>http://admin.5istudy.online/code/
[2022-07-29 12:00:53,354][rest_client.py 51][INFO]: 接口请求的方法>>>POST
[2022-07-29 12:00:53,355][rest_client.py 55][INFO]: 接口请求的json参数>>>
{
  "mobile": 17380900323
}
[2022-07-29 12:00:53,418][response_util.py 10][INFO]: 接口的返回内容>>>：{"mobile": "17380900323"}
[2022-07-29 12:00:53,419][response_util.py 15][INFO]: 接口的返回内容>>>：{"mobile": "17380900323"}
[2022-07-29 12:00:53,419][mysql_util.py 29][INFO]: 执行sql：select code from users_verifycode where mobile = '17380900323' order by id desc limit 1
[2022-07-29 12:00:53,428][mysql_util.py 33][INFO]: sql执行结果：{'code': '0211'}
[2022-07-29 12:00:53,429][conftest.py 9][INFO]: sql执行结果：{'code': '0211'}
[2022-07-29 12:00:53,429][mysql_util.py 29][INFO]: 执行sql：select code from users_verifycode where mobile = '17380900323' order by id desc limit 1
[2022-07-29 12:00:53,440][mysql_util.py 33][INFO]: sql执行结果：{'code': '0211'}
[2022-07-29 12:00:53,440][conftest.py 9][INFO]: sql执行结果：{'code': '0211'}
[2022-07-29 12:01:01,499][rest_client.py 50][INFO]: 接口请求的地址>>>http://admin.5istudy.online/code/
[2022-07-29 12:01:01,500][rest_client.py 51][INFO]: 接口请求的方法>>>POST
[2022-07-29 12:01:01,500][rest_client.py 55][INFO]: 接口请求的json参数>>>
{
  "mobile": 17380900323
}
[2022-07-29 12:01:01,552][response_util.py 14][INFO]: 接口状态码不是2开头，请检查
[2022-07-29 12:01:01,552][response_util.py 15][INFO]: 接口的返回内容>>>：{"mobile": ["距离上次发送未超过1分钟"]}
[2022-07-29 12:04:32,603][rest_client.py 50][INFO]: 接口请求的地址>>>http://admin.5istudy.online/code/
[2022-07-29 12:04:32,603][rest_client.py 51][INFO]: 接口请求的方法>>>POST
[2022-07-29 12:04:32,603][rest_client.py 55][INFO]: 接口请求的json参数>>>
{
  "mobile": 17380900323
}
[2022-07-29 12:04:32,670][response_util.py 10][INFO]: 接口的返回内容>>>：{"mobile": "17380900323"}
[2022-07-29 12:04:32,670][response_util.py 15][INFO]: 接口的返回内容>>>：{"mobile": "17380900323"}
[2022-07-29 12:04:32,670][mysql_util.py 29][INFO]: 执行sql：select code from users_verifycode where mobile = '17380900323' order by id desc limit 1
[2022-07-29 12:04:32,680][mysql_util.py 33][INFO]: sql执行结果：{'code': '4341'}
[2022-07-29 12:04:32,680][conftest.py 9][INFO]: sql执行结果：{'code': '4341'}
[2022-07-29 12:04:32,680][mysql_util.py 29][INFO]: 执行sql：select code from users_verifycode where mobile = '17380900323' order by id desc limit 1
[2022-07-29 12:04:32,691][mysql_util.py 33][INFO]: sql执行结果：{'code': '4341'}
[2022-07-29 12:04:32,691][conftest.py 9][INFO]: sql执行结果：{'code': '4341'}
[2022-07-29 12:04:44,306][mysql_util.py 29][INFO]: 执行sql：select code from users_verifycode where mobile = '17380900323' order by id desc limit 1;
[2022-07-29 12:04:44,317][mysql_util.py 33][INFO]: sql执行结果：{'code': '4341'}
[2022-07-29 12:22:00,256][rest_client.py 50][INFO]: 接口请求的地址>>>http://admin.5istudy.online/code/
[2022-07-29 12:22:00,256][rest_client.py 51][INFO]: 接口请求的方法>>>POST
[2022-07-29 12:22:00,257][rest_client.py 55][INFO]: 接口请求的json参数>>>
{
  "mobile": 17380900323
}
[2022-07-29 12:22:01,406][response_util.py 14][INFO]: 接口状态码不是2开头，请检查
[2022-07-29 12:22:01,406][response_util.py 15][INFO]: 接口的返回内容>>>：{"mobile": ["用户已经存在"]}
[2022-07-29 12:27:08,216][mysql_util.py 29][INFO]: 执行sql：select code from users_verifycode where mobile = '17380900323' order by id desc limit 1;
[2022-07-29 12:27:08,242][mysql_util.py 33][INFO]: sql执行结果：{'code': '4341'}
[2022-07-29 12:27:08,242][mysql_util.py 29][INFO]: 执行sql：delete from users_verifycode where mobile = '17380900323
[2022-07-29 12:27:20,208][mysql_util.py 29][INFO]: 执行sql：select code from users_verifycode where mobile = '17380900323' order by id desc limit 1;
[2022-07-29 12:27:20,217][mysql_util.py 33][INFO]: sql执行结果：{'code': '4341'}
[2022-07-29 12:27:20,217][mysql_util.py 29][INFO]: 执行sql：delete from users_verifycode where mobile = '17380900323
[2022-07-29 12:27:49,763][mysql_util.py 29][INFO]: 执行sql：select code from users_verifycode where mobile = '17380900323' order by id desc limit 1;
[2022-07-29 12:27:49,774][mysql_util.py 33][INFO]: sql执行结果：{'code': '4341'}
[2022-07-29 12:27:56,268][rest_client.py 50][INFO]: 接口请求的地址>>>http://admin.5istudy.online/code/
[2022-07-29 12:27:56,268][rest_client.py 51][INFO]: 接口请求的方法>>>POST
[2022-07-29 12:27:56,268][rest_client.py 55][INFO]: 接口请求的json参数>>>
{
  "mobile": 17380900323
}
[2022-07-29 12:27:56,320][response_util.py 14][INFO]: 接口状态码不是2开头，请检查
[2022-07-29 12:27:56,321][response_util.py 15][INFO]: 接口的返回内容>>>：{"mobile": ["用户已经存在"]}
[2022-07-29 12:29:35,787][rest_client.py 50][INFO]: 接口请求的地址>>>http://admin.5istudy.online/code/
[2022-07-29 12:29:35,787][rest_client.py 51][INFO]: 接口请求的方法>>>POST
[2022-07-29 12:29:35,788][rest_client.py 55][INFO]: 接口请求的json参数>>>
{
  "mobile": 17380900323
}
[2022-07-29 12:29:35,866][response_util.py 14][INFO]: 接口状态码不是2开头，请检查
[2022-07-29 12:29:35,867][response_util.py 15][INFO]: 接口的返回内容>>>：{"mobile": ["用户已经存在"]}
[2022-07-29 12:36:22,404][rest_client.py 50][INFO]: 接口请求的地址>>>http://admin.5istudy.online/code/
[2022-07-29 12:36:22,405][rest_client.py 51][INFO]: 接口请求的方法>>>POST
[2022-07-29 12:36:22,405][rest_client.py 55][INFO]: 接口请求的json参数>>>
{
  "mobile": 17380900323
}
[2022-07-29 12:36:22,479][response_util.py 10][INFO]: 接口的返回内容>>>：{"mobile": "17380900323"}
[2022-07-29 12:36:22,480][response_util.py 15][INFO]: 接口的返回内容>>>：{"mobile": "17380900323"}
[2022-07-29 12:36:22,480][mysql_util.py 29][INFO]: 执行sql：select code from users_verifycode where mobile = '17380900323' order by id desc limit 1
[2022-07-29 12:36:22,490][mysql_util.py 33][INFO]: sql执行结果：{'code': '2058'}
[2022-07-29 12:36:22,490][conftest.py 9][INFO]: sql执行结果：{'code': '2058'}
[2022-07-29 12:36:22,490][mysql_util.py 29][INFO]: 执行sql：select code from users_verifycode where mobile = '17380900323' order by id desc limit 1
[2022-07-29 12:36:22,499][mysql_util.py 33][INFO]: sql执行结果：{'code': '2058'}
[2022-07-29 12:36:22,499][conftest.py 9][INFO]: sql执行结果：{'code': '2058'}
[2022-07-29 12:36:22,500][rest_client.py 50][INFO]: 接口请求的地址>>>http://admin.5istudy.online/users/
[2022-07-29 12:36:22,500][rest_client.py 51][INFO]: 接口请求的方法>>>POST
[2022-07-29 12:36:22,500][rest_client.py 55][INFO]: 接口请求的json参数>>>
{
  "code": "2058",
  "password": "123456",
  "username": "17380900323"
}
[2022-07-29 12:36:22,612][response_util.py 10][INFO]: 接口的返回内容>>>：{"username": "17380900323", "mobile": "17380900323", "token": "eyJ0eXAiOiJKV1QiLCJhbGciOiJIUzI1NiJ9.eyJ1c2VyX2lkIjoxNTkzNjMsInVzZXJuYW1lIjoiMTczODA5MDAzMjMiLCJleHAiOjE2NTk2NzQxNjIsImVtYWlsIjpudWxsfQ.0knnq3KwFKGZLGa7e6-vxF-iyIcsXAd1hSq4EKL8L_Q", "name": "17380900323"}
[2022-07-29 12:36:22,612][response_util.py 15][INFO]: 接口的返回内容>>>：{"username": "17380900323", "mobile": "17380900323", "token": "eyJ0eXAiOiJKV1QiLCJhbGciOiJIUzI1NiJ9.eyJ1c2VyX2lkIjoxNTkzNjMsInVzZXJuYW1lIjoiMTczODA5MDAzMjMiLCJleHAiOjE2NTk2NzQxNjIsImVtYWlsIjpudWxsfQ.0knnq3KwFKGZLGa7e6-vxF-iyIcsXAd1hSq4EKL8L_Q", "name": "17380900323"}
[2022-07-29 13:12:01,077][rest_client.py 50][INFO]: 接口请求的地址>>>http://admin.5istudy.online/code/
[2022-07-29 13:12:01,077][rest_client.py 51][INFO]: 接口请求的方法>>>POST
[2022-07-29 13:12:01,077][rest_client.py 55][INFO]: 接口请求的json参数>>>
{
  "mobile": 17380900323
}
[2022-07-29 13:12:01,160][response_util.py 10][INFO]: 接口的返回内容>>>：{"mobile": "17380900323"}
[2022-07-29 13:12:01,161][response_util.py 15][INFO]: 接口的返回内容>>>：{"mobile": "17380900323"}
[2022-07-29 13:12:01,161][mysql_util.py 29][INFO]: 执行sql：select code from users_verifycode where mobile = '17380900323' order by id desc limit 1
[2022-07-29 13:12:01,172][mysql_util.py 33][INFO]: sql执行结果：{'code': '5240'}
[2022-07-29 13:12:01,172][conftest.py 8][INFO]: sql执行结果：{'code': '5240'}
[2022-07-29 13:12:01,172][mysql_util.py 29][INFO]: 执行sql：select code from users_verifycode where mobile = '17380900323' order by id desc limit 1
[2022-07-29 13:12:01,184][mysql_util.py 33][INFO]: sql执行结果：{'code': '5240'}
[2022-07-29 13:12:01,184][conftest.py 8][INFO]: sql执行结果：{'code': '5240'}
[2022-07-29 13:12:01,184][rest_client.py 50][INFO]: 接口请求的地址>>>http://admin.5istudy.online/users/
[2022-07-29 13:12:01,184][rest_client.py 51][INFO]: 接口请求的方法>>>POST
[2022-07-29 13:12:01,184][rest_client.py 55][INFO]: 接口请求的json参数>>>
{
  "code": "5240",
  "password": "123456",
  "username": "17380900323"
}
[2022-07-29 13:12:01,311][response_util.py 10][INFO]: 接口的返回内容>>>：{"username": "17380900323", "mobile": "17380900323", "token": "eyJ0eXAiOiJKV1QiLCJhbGciOiJIUzI1NiJ9.eyJ1c2VyX2lkIjoxNTkzNjQsInVzZXJuYW1lIjoiMTczODA5MDAzMjMiLCJleHAiOjE2NTk2NzYzMDEsImVtYWlsIjpudWxsfQ.yrHv8n6Y91gZxpHSVxthsKRwHKNYyd_1XSgfYQ1-0m8", "name": "17380900323"}
[2022-07-29 13:12:01,311][response_util.py 15][INFO]: 接口的返回内容>>>：{"username": "17380900323", "mobile": "17380900323", "token": "eyJ0eXAiOiJKV1QiLCJhbGciOiJIUzI1NiJ9.eyJ1c2VyX2lkIjoxNTkzNjQsInVzZXJuYW1lIjoiMTczODA5MDAzMjMiLCJleHAiOjE2NTk2NzYzMDEsImVtYWlsIjpudWxsfQ.yrHv8n6Y91gZxpHSVxthsKRwHKNYyd_1XSgfYQ1-0m8", "name": "17380900323"}
[2022-07-29 13:12:45,663][rest_client.py 50][INFO]: 接口请求的地址>>>http://admin.5istudy.online/code/
[2022-07-29 13:12:45,663][rest_client.py 51][INFO]: 接口请求的方法>>>POST
[2022-07-29 13:12:45,664][rest_client.py 55][INFO]: 接口请求的json参数>>>
{
  "mobile": 17380900323
}
[2022-07-29 13:12:45,716][response_util.py 14][INFO]: 接口状态码不是2开头，请检查
[2022-07-29 13:12:45,717][response_util.py 15][INFO]: 接口的返回内容>>>：{"mobile": ["用户已经存在"]}
[2022-07-29 13:14:46,051][rest_client.py 50][INFO]: 接口请求的地址>>>http://admin.5istudy.online/code/
[2022-07-29 13:14:46,052][rest_client.py 51][INFO]: 接口请求的方法>>>POST
[2022-07-29 13:14:46,052][rest_client.py 55][INFO]: 接口请求的json参数>>>
{
  "mobile": 17380900323
}
[2022-07-29 13:14:46,116][response_util.py 10][INFO]: 接口的返回内容>>>：{"mobile": "17380900323"}
[2022-07-29 13:14:46,116][response_util.py 15][INFO]: 接口的返回内容>>>：{"mobile": "17380900323"}
[2022-07-29 13:14:46,116][mysql_util.py 29][INFO]: 执行sql：select code from users_verifycode where mobile = '17380900323' order by id desc limit 1
[2022-07-29 13:14:46,126][mysql_util.py 33][INFO]: sql执行结果：{'code': '5051'}
[2022-07-29 13:14:46,126][conftest.py 8][INFO]: sql执行结果：{'code': '5051'}
[2022-07-29 13:14:46,126][mysql_util.py 29][INFO]: 执行sql：select code from users_verifycode where mobile = '17380900323' order by id desc limit 1
[2022-07-29 13:14:46,139][mysql_util.py 33][INFO]: sql执行结果：{'code': '5051'}
[2022-07-29 13:14:46,139][conftest.py 8][INFO]: sql执行结果：{'code': '5051'}
[2022-07-29 13:14:46,140][rest_client.py 50][INFO]: 接口请求的地址>>>http://admin.5istudy.online/users/
[2022-07-29 13:14:46,140][rest_client.py 51][INFO]: 接口请求的方法>>>POST
[2022-07-29 13:14:46,140][rest_client.py 55][INFO]: 接口请求的json参数>>>
{
  "code": "5051",
  "password": "123456",
  "username": "17380900323"
}
[2022-07-29 13:14:46,257][response_util.py 10][INFO]: 接口的返回内容>>>：{"username": "17380900323", "mobile": "17380900323", "token": "eyJ0eXAiOiJKV1QiLCJhbGciOiJIUzI1NiJ9.eyJ1c2VyX2lkIjoxNTkzNjUsInVzZXJuYW1lIjoiMTczODA5MDAzMjMiLCJleHAiOjE2NTk2NzY0NjYsImVtYWlsIjpudWxsfQ.a95-owwscfQQQKHGOSLTmsvccnwn_yCA1ceJduggt3Q", "name": "17380900323"}
[2022-07-29 13:14:46,257][response_util.py 15][INFO]: 接口的返回内容>>>：{"username": "17380900323", "mobile": "17380900323", "token": "eyJ0eXAiOiJKV1QiLCJhbGciOiJIUzI1NiJ9.eyJ1c2VyX2lkIjoxNTkzNjUsInVzZXJuYW1lIjoiMTczODA5MDAzMjMiLCJleHAiOjE2NTk2NzY0NjYsImVtYWlsIjpudWxsfQ.a95-owwscfQQQKHGOSLTmsvccnwn_yCA1ceJduggt3Q", "name": "17380900323"}
[2022-07-29 13:15:59,359][rest_client.py 50][INFO]: 接口请求的地址>>>http://admin.5istudy.online/code/
[2022-07-29 13:15:59,360][rest_client.py 51][INFO]: 接口请求的方法>>>POST
[2022-07-29 13:15:59,360][rest_client.py 55][INFO]: 接口请求的json参数>>>
{
  "mobile": 17380900323
}
[2022-07-29 13:15:59,410][response_util.py 14][INFO]: 接口状态码不是2开头，请检查
[2022-07-29 13:15:59,410][response_util.py 15][INFO]: 接口的返回内容>>>：{"mobile": ["用户已经存在"]}
[2022-07-29 13:17:08,664][mysql_util.py 29][INFO]: 执行sql：select code from users_verifycode where mobile = '17380900323' order by id desc limit 1;
[2022-07-29 13:17:08,677][mysql_util.py 33][INFO]: sql执行结果：{'code': '5051'}
[2022-07-29 13:17:22,930][mysql_util.py 29][INFO]: 执行sql：select code from users_verifycode where mobile = '17380900323' order by id desc limit 1;
[2022-07-29 13:17:22,941][mysql_util.py 33][INFO]: sql执行结果：{'code': '5051'}
[2022-07-29 13:22:06,859][mysql_util.py 47][INFO]: 执行sql：delete from users_verifycode where mobile = '17380900323';
[2022-07-29 13:22:06,911][conftest.py 20][INFO]: sql执行结果：None
[2022-07-29 13:22:06,911][rest_client.py 50][INFO]: 接口请求的地址>>>http://admin.5istudy.online/code/
[2022-07-29 13:22:06,911][rest_client.py 51][INFO]: 接口请求的方法>>>POST
[2022-07-29 13:22:06,911][rest_client.py 55][INFO]: 接口请求的json参数>>>
{
  "mobile": 17380900323
}
[2022-07-29 13:22:07,052][response_util.py 10][INFO]: 接口的返回内容>>>：{"mobile": "17380900323"}
[2022-07-29 13:22:07,052][response_util.py 15][INFO]: 接口的返回内容>>>：{"mobile": "17380900323"}
[2022-07-29 13:22:07,052][mysql_util.py 29][INFO]: 执行sql：select code from users_verifycode where mobile = '17380900323' order by id desc limit 1
[2022-07-29 13:22:07,161][mysql_util.py 33][INFO]: sql执行结果：{'code': '6806'}
[2022-07-29 13:22:07,161][conftest.py 8][INFO]: sql执行结果：{'code': '6806'}
[2022-07-29 13:22:07,162][mysql_util.py 29][INFO]: 执行sql：select code from users_verifycode where mobile = '17380900323' order by id desc limit 1
[2022-07-29 13:22:07,224][mysql_util.py 33][INFO]: sql执行结果：{'code': '6806'}
[2022-07-29 13:22:07,224][conftest.py 8][INFO]: sql执行结果：{'code': '6806'}
[2022-07-29 13:22:07,224][rest_client.py 50][INFO]: 接口请求的地址>>>http://admin.5istudy.online/users/
[2022-07-29 13:22:07,224][rest_client.py 51][INFO]: 接口请求的方法>>>POST
[2022-07-29 13:22:07,224][rest_client.py 55][INFO]: 接口请求的json参数>>>
{
  "code": "6806",
  "password": "123456",
  "username": "17380900323"
}
[2022-07-29 13:22:07,369][response_util.py 10][INFO]: 接口的返回内容>>>：{"username": "17380900323", "mobile": "17380900323", "token": "eyJ0eXAiOiJKV1QiLCJhbGciOiJIUzI1NiJ9.eyJ1c2VyX2lkIjoxNTkzNjYsInVzZXJuYW1lIjoiMTczODA5MDAzMjMiLCJleHAiOjE2NTk2NzY5MDcsImVtYWlsIjpudWxsfQ.yepRGjELnY4-K5UZ_-MWv6IC0_UopnJr8KVvX51NViY", "name": "17380900323"}
[2022-07-29 13:22:07,369][response_util.py 15][INFO]: 接口的返回内容>>>：{"username": "17380900323", "mobile": "17380900323", "token": "eyJ0eXAiOiJKV1QiLCJhbGciOiJIUzI1NiJ9.eyJ1c2VyX2lkIjoxNTkzNjYsInVzZXJuYW1lIjoiMTczODA5MDAzMjMiLCJleHAiOjE2NTk2NzY5MDcsImVtYWlsIjpudWxsfQ.yepRGjELnY4-K5UZ_-MWv6IC0_UopnJr8KVvX51NViY", "name": "17380900323"}
[2022-07-29 13:22:07,369][mysql_util.py 47][INFO]: 执行sql：delete from users_userprofile where mobile = '17380900323';
[2022-07-29 13:22:07,463][conftest.py 14][INFO]: sql执行结果：None
[2022-07-29 14:28:43,926][rest_client.py 50][INFO]: 接口请求的地址>>>http://admin.5istudy.online/login/
[2022-07-29 14:28:43,926][rest_client.py 51][INFO]: 接口请求的方法>>>POST
[2022-07-29 14:28:43,926][rest_client.py 55][INFO]: 接口请求的json参数>>>
{
  "username": 15000000002,
  "password": 123456
}
[2022-07-29 14:28:44,114][response_util.py 10][INFO]: 接口的返回内容>>>：{"token": "eyJ0eXAiOiJKV1QiLCJhbGciOiJIUzI1NiJ9.eyJ1c2VyX2lkIjoxNTkyOTYsInVzZXJuYW1lIjoiMTUwMDAwMDAwMDIiLCJleHAiOjE2NTk2ODA5MDQsImVtYWlsIjpudWxsfQ.jJdfAp7fWH9fjkEW45it78UTx1du6ov-VMlE3NfiGgc"}
[2022-07-29 14:28:44,114][response_util.py 15][INFO]: 接口的返回内容>>>：{"token": "eyJ0eXAiOiJKV1QiLCJhbGciOiJIUzI1NiJ9.eyJ1c2VyX2lkIjoxNTkyOTYsInVzZXJuYW1lIjoiMTUwMDAwMDAwMDIiLCJleHAiOjE2NTk2ODA5MDQsImVtYWlsIjpudWxsfQ.jJdfAp7fWH9fjkEW45it78UTx1du6ov-VMlE3NfiGgc"}
[2022-07-29 14:28:51,327][rest_client.py 50][INFO]: 接口请求的地址>>>http://admin.5istudy.online/login/
[2022-07-29 14:28:51,327][rest_client.py 51][INFO]: 接口请求的方法>>>POST
[2022-07-29 14:28:51,327][rest_client.py 55][INFO]: 接口请求的json参数>>>
{
  "username": 15000000002,
  "password": 123456
}
[2022-07-29 14:28:51,479][response_util.py 10][INFO]: 接口的返回内容>>>：{"token": "eyJ0eXAiOiJKV1QiLCJhbGciOiJIUzI1NiJ9.eyJ1c2VyX2lkIjoxNTkyOTYsInVzZXJuYW1lIjoiMTUwMDAwMDAwMDIiLCJleHAiOjE2NTk2ODA5MTEsImVtYWlsIjpudWxsfQ.3UIOWnx1oUen8R5iQY5tcChftEnxbBVqZK0l2kXRdHs"}
[2022-07-29 14:28:51,479][response_util.py 15][INFO]: 接口的返回内容>>>：{"token": "eyJ0eXAiOiJKV1QiLCJhbGciOiJIUzI1NiJ9.eyJ1c2VyX2lkIjoxNTkyOTYsInVzZXJuYW1lIjoiMTUwMDAwMDAwMDIiLCJleHAiOjE2NTk2ODA5MTEsImVtYWlsIjpudWxsfQ.3UIOWnx1oUen8R5iQY5tcChftEnxbBVqZK0l2kXRdHs"}
[2022-07-29 14:41:39,752][rest_client.py 50][INFO]: 接口请求的地址>>>http://admin.5istudy.online/login/
[2022-07-29 14:41:39,752][rest_client.py 51][INFO]: 接口请求的方法>>>POST
[2022-07-29 14:41:39,752][rest_client.py 55][INFO]: 接口请求的json参数>>>
{
  "username": 17380900323,
  "password": 123456
}
[2022-07-29 14:41:39,861][response_util.py 14][INFO]: 接口状态码不是2开头，请检查
[2022-07-29 14:41:39,861][response_util.py 15][INFO]: 接口的返回内容>>>：{"non_field_errors": ["无法使用提供的认证信息登录。"]}
[2022-07-29 14:42:50,050][mysql_util.py 47][INFO]: 执行sql：delete from users_verifycode where mobile = '17380900323';
[2022-07-29 14:42:50,078][conftest.py 20][INFO]: sql执行结果：None
[2022-07-29 14:42:50,078][rest_client.py 50][INFO]: 接口请求的地址>>>http://admin.5istudy.online/code/
[2022-07-29 14:42:50,079][rest_client.py 51][INFO]: 接口请求的方法>>>POST
[2022-07-29 14:42:50,079][rest_client.py 55][INFO]: 接口请求的json参数>>>
{
  "mobile": 17380900323
}
[2022-07-29 14:42:50,140][response_util.py 10][INFO]: 接口的返回内容>>>：{"mobile": "17380900323"}
[2022-07-29 14:42:50,140][response_util.py 15][INFO]: 接口的返回内容>>>：{"mobile": "17380900323"}
[2022-07-29 14:42:50,140][mysql_util.py 29][INFO]: 执行sql：select code from users_verifycode where mobile = '17380900323' order by id desc limit 1
[2022-07-29 14:42:50,150][mysql_util.py 33][INFO]: sql执行结果：{'code': '8579'}
[2022-07-29 14:42:50,150][conftest.py 8][INFO]: sql执行结果：{'code': '8579'}
[2022-07-29 14:42:50,151][mysql_util.py 29][INFO]: 执行sql：select code from users_verifycode where mobile = '17380900323' order by id desc limit 1
[2022-07-29 14:42:50,160][mysql_util.py 33][INFO]: sql执行结果：{'code': '8579'}
[2022-07-29 14:42:50,160][conftest.py 8][INFO]: sql执行结果：{'code': '8579'}
[2022-07-29 14:42:50,160][rest_client.py 50][INFO]: 接口请求的地址>>>http://admin.5istudy.online/users/
[2022-07-29 14:42:50,160][rest_client.py 51][INFO]: 接口请求的方法>>>POST
[2022-07-29 14:42:50,160][rest_client.py 55][INFO]: 接口请求的json参数>>>
{
  "code": "8579",
  "password": "123456",
  "username": "17380900323"
}
[2022-07-29 14:42:50,272][response_util.py 10][INFO]: 接口的返回内容>>>：{"username": "17380900323", "mobile": "17380900323", "token": "eyJ0eXAiOiJKV1QiLCJhbGciOiJIUzI1NiJ9.eyJ1c2VyX2lkIjoxNTkzNzAsInVzZXJuYW1lIjoiMTczODA5MDAzMjMiLCJleHAiOjE2NTk2ODE3NTAsImVtYWlsIjpudWxsfQ.EDH1PatVvVHn0wejqJb2AlSh3iTFf684H6dS5EOLwg0", "name": "17380900323"}
[2022-07-29 14:42:50,272][response_util.py 15][INFO]: 接口的返回内容>>>：{"username": "17380900323", "mobile": "17380900323", "token": "eyJ0eXAiOiJKV1QiLCJhbGciOiJIUzI1NiJ9.eyJ1c2VyX2lkIjoxNTkzNzAsInVzZXJuYW1lIjoiMTczODA5MDAzMjMiLCJleHAiOjE2NTk2ODE3NTAsImVtYWlsIjpudWxsfQ.EDH1PatVvVHn0wejqJb2AlSh3iTFf684H6dS5EOLwg0", "name": "17380900323"}
[2022-07-29 14:42:50,272][mysql_util.py 47][INFO]: 执行sql：delete from users_userprofile where mobile = '17380900323';
[2022-07-29 14:42:50,342][conftest.py 14][INFO]: sql执行结果：None
[2022-07-29 14:42:56,985][rest_client.py 50][INFO]: 接口请求的地址>>>http://admin.5istudy.online/login/
[2022-07-29 14:42:56,985][rest_client.py 51][INFO]: 接口请求的方法>>>POST
[2022-07-29 14:42:56,986][rest_client.py 55][INFO]: 接口请求的json参数>>>
{
  "username": 17380900323,
  "password": 123456
}
[2022-07-29 14:42:57,074][response_util.py 14][INFO]: 接口状态码不是2开头，请检查
[2022-07-29 14:42:57,075][response_util.py 15][INFO]: 接口的返回内容>>>：{"non_field_errors": ["无法使用提供的认证信息登录。"]}
[2022-07-29 15:04:32,397][rest_client.py 50][INFO]: 接口请求的地址>>>http://admin.5istudy.online/login/
[2022-07-29 15:04:32,397][rest_client.py 51][INFO]: 接口请求的方法>>>POST
[2022-07-29 15:04:32,398][rest_client.py 55][INFO]: 接口请求的json参数>>>
{
  "username": 17380900323,
  "password": 123456
}
[2022-07-29 15:04:32,511][response_util.py 14][INFO]: 接口状态码不是2开头，请检查
[2022-07-29 15:04:32,511][response_util.py 15][INFO]: 接口的返回内容>>>：{"non_field_errors": ["无法使用提供的认证信息登录。"]}
[2022-07-29 15:06:02,925][mysql_util.py 29][INFO]: 执行sql：select code from users_verifycode where mobile = '17380900323' order by id desc limit 1;
[2022-07-29 15:06:02,947][mysql_util.py 33][INFO]: sql执行结果：{'code': '2242'}
[2022-07-29 15:06:35,364][rest_client.py 50][INFO]: 接口请求的地址>>>http://admin.5istudy.online/login/
[2022-07-29 15:06:35,364][rest_client.py 51][INFO]: 接口请求的方法>>>POST
[2022-07-29 15:06:35,364][rest_client.py 55][INFO]: 接口请求的json参数>>>
{
  "username": 17380900323,
  "password": 123456
}
[2022-07-29 15:06:35,520][response_util.py 10][INFO]: 接口的返回内容>>>：{"token": "eyJ0eXAiOiJKV1QiLCJhbGciOiJIUzI1NiJ9.eyJ1c2VyX2lkIjoxNTkzNzEsInVzZXJuYW1lIjoiMTczODA5MDAzMjMiLCJleHAiOjE2NTk2ODMxNzUsImVtYWlsIjpudWxsfQ.lC7IGC_lz0RvHO89_jiaL1GehIJCzXr8VpEMW9Zt-4s"}
[2022-07-29 15:06:35,520][response_util.py 15][INFO]: 接口的返回内容>>>：{"token": "eyJ0eXAiOiJKV1QiLCJhbGciOiJIUzI1NiJ9.eyJ1c2VyX2lkIjoxNTkzNzEsInVzZXJuYW1lIjoiMTczODA5MDAzMjMiLCJleHAiOjE2NTk2ODMxNzUsImVtYWlsIjpudWxsfQ.lC7IGC_lz0RvHO89_jiaL1GehIJCzXr8VpEMW9Zt-4s"}
[2022-07-29 15:20:54,372][rest_client.py 50][INFO]: 接口请求的地址>>>http://admin.5istudy.online/banners/
[2022-07-29 15:20:54,372][rest_client.py 51][INFO]: 接口请求的方法>>>GET
[2022-07-29 15:28:21,333][rest_client.py 50][INFO]: 接口请求的地址>>>http://admin.5istudy.online/banners/
[2022-07-29 15:28:21,333][rest_client.py 51][INFO]: 接口请求的方法>>>GET
[2022-07-29 15:28:21,390][response_util.py 10][INFO]: 接口的返回内容>>>：[{"id": 23, "image": "http://admin.5istudy.online/media/banner/banner3.jpg", "index": 1, "add_time": "2021-11-26T13:22:00", "goods": 4}, {"id": 30, "image": "http://admin.5istudy.online/media/banner/banner2.jpg", "index": 3, "add_time": "2021-11-26T13:22:00", "goods": 4}, {"id": 1820, "image": "http://admin.5istudy.online/media/banner/banner1.jpg", "index": 3, "add_time": "2021-11-26T13:22:00", "goods": 4}]
[2022-07-29 15:28:21,390][response_util.py 15][INFO]: 接口的返回内容>>>：[{"id": 23, "image": "http://admin.5istudy.online/media/banner/banner3.jpg", "index": 1, "add_time": "2021-11-26T13:22:00", "goods": 4}, {"id": 30, "image": "http://admin.5istudy.online/media/banner/banner2.jpg", "index": 3, "add_time": "2021-11-26T13:22:00", "goods": 4}, {"id": 1820, "image": "http://admin.5istudy.online/media/banner/banner1.jpg", "index": 3, "add_time": "2021-11-26T13:22:00", "goods": 4}]
[2022-07-29 15:33:25,411][rest_client.py 50][INFO]: 接口请求的地址>>>http://admin.5istudy.online/banners/
[2022-07-29 15:33:25,412][rest_client.py 51][INFO]: 接口请求的方法>>>GET
[2022-07-29 15:33:25,461][response_util.py 10][INFO]: 接口的返回内容>>>：[{"id": 23, "image": "http://admin.5istudy.online/media/banner/banner3.jpg", "index": 1, "add_time": "2021-11-26T13:22:00", "goods": 4}, {"id": 30, "image": "http://admin.5istudy.online/media/banner/banner2.jpg", "index": 3, "add_time": "2021-11-26T13:22:00", "goods": 4}, {"id": 1820, "image": "http://admin.5istudy.online/media/banner/banner1.jpg", "index": 3, "add_time": "2021-11-26T13:22:00", "goods": 4}]
[2022-07-29 15:33:25,462][response_util.py 15][INFO]: 接口的返回内容>>>：[{"id": 23, "image": "http://admin.5istudy.online/media/banner/banner3.jpg", "index": 1, "add_time": "2021-11-26T13:22:00", "goods": 4}, {"id": 30, "image": "http://admin.5istudy.online/media/banner/banner2.jpg", "index": 3, "add_time": "2021-11-26T13:22:00", "goods": 4}, {"id": 1820, "image": "http://admin.5istudy.online/media/banner/banner1.jpg", "index": 3, "add_time": "2021-11-26T13:22:00", "goods": 4}]
[2022-07-29 15:33:43,322][rest_client.py 50][INFO]: 接口请求的地址>>>http://admin.5istudy.online/banners/
[2022-07-29 15:33:43,323][rest_client.py 51][INFO]: 接口请求的方法>>>GET
[2022-07-29 15:33:43,374][response_util.py 10][INFO]: 接口的返回内容>>>：[{"id": 23, "image": "http://admin.5istudy.online/media/banner/banner3.jpg", "index": 1, "add_time": "2021-11-26T13:22:00", "goods": 4}, {"id": 30, "image": "http://admin.5istudy.online/media/banner/banner2.jpg", "index": 3, "add_time": "2021-11-26T13:22:00", "goods": 4}, {"id": 1820, "image": "http://admin.5istudy.online/media/banner/banner1.jpg", "index": 3, "add_time": "2021-11-26T13:22:00", "goods": 4}]
[2022-07-29 15:33:43,374][response_util.py 15][INFO]: 接口的返回内容>>>：[{"id": 23, "image": "http://admin.5istudy.online/media/banner/banner3.jpg", "index": 1, "add_time": "2021-11-26T13:22:00", "goods": 4}, {"id": 30, "image": "http://admin.5istudy.online/media/banner/banner2.jpg", "index": 3, "add_time": "2021-11-26T13:22:00", "goods": 4}, {"id": 1820, "image": "http://admin.5istudy.online/media/banner/banner1.jpg", "index": 3, "add_time": "2021-11-26T13:22:00", "goods": 4}]
[2022-07-29 15:35:01,866][rest_client.py 50][INFO]: 接口请求的地址>>>http://admin.5istudy.online/banners/
[2022-07-29 15:35:01,866][rest_client.py 51][INFO]: 接口请求的方法>>>GET
[2022-07-29 15:35:01,909][response_util.py 10][INFO]: 接口的返回内容>>>：[{"id": 23, "image": "http://admin.5istudy.online/media/banner/banner3.jpg", "index": 1, "add_time": "2021-11-26T13:22:00", "goods": 4}, {"id": 30, "image": "http://admin.5istudy.online/media/banner/banner2.jpg", "index": 3, "add_time": "2021-11-26T13:22:00", "goods": 4}, {"id": 1820, "image": "http://admin.5istudy.online/media/banner/banner1.jpg", "index": 3, "add_time": "2021-11-26T13:22:00", "goods": 4}]
[2022-07-29 15:35:01,909][response_util.py 15][INFO]: 接口的返回内容>>>：[{"id": 23, "image": "http://admin.5istudy.online/media/banner/banner3.jpg", "index": 1, "add_time": "2021-11-26T13:22:00", "goods": 4}, {"id": 30, "image": "http://admin.5istudy.online/media/banner/banner2.jpg", "index": 3, "add_time": "2021-11-26T13:22:00", "goods": 4}, {"id": 1820, "image": "http://admin.5istudy.online/media/banner/banner1.jpg", "index": 3, "add_time": "2021-11-26T13:22:00", "goods": 4}]
[2022-07-29 15:35:14,668][rest_client.py 50][INFO]: 接口请求的地址>>>http://admin.5istudy.online/banners/
[2022-07-29 15:35:14,670][rest_client.py 51][INFO]: 接口请求的方法>>>GET
[2022-07-29 15:35:14,721][response_util.py 10][INFO]: 接口的返回内容>>>：[{"id": 23, "image": "http://admin.5istudy.online/media/banner/banner3.jpg", "index": 1, "add_time": "2021-11-26T13:22:00", "goods": 4}, {"id": 30, "image": "http://admin.5istudy.online/media/banner/banner2.jpg", "index": 3, "add_time": "2021-11-26T13:22:00", "goods": 4}, {"id": 1820, "image": "http://admin.5istudy.online/media/banner/banner1.jpg", "index": 3, "add_time": "2021-11-26T13:22:00", "goods": 4}]
[2022-07-29 15:35:14,721][response_util.py 15][INFO]: 接口的返回内容>>>：[{"id": 23, "image": "http://admin.5istudy.online/media/banner/banner3.jpg", "index": 1, "add_time": "2021-11-26T13:22:00", "goods": 4}, {"id": 30, "image": "http://admin.5istudy.online/media/banner/banner2.jpg", "index": 3, "add_time": "2021-11-26T13:22:00", "goods": 4}, {"id": 1820, "image": "http://admin.5istudy.online/media/banner/banner1.jpg", "index": 3, "add_time": "2021-11-26T13:22:00", "goods": 4}]
[2022-07-29 15:41:25,594][rest_client.py 50][INFO]: 接口请求的地址>>>http://admin.5istudy.online/banners/
[2022-07-29 15:41:25,597][rest_client.py 51][INFO]: 接口请求的方法>>>GET
[2022-07-29 15:41:25,633][response_util.py 10][INFO]: 接口的返回内容>>>：[{"id": 23, "image": "http://admin.5istudy.online/media/banner/banner3.jpg", "index": 1, "add_time": "2021-11-26T13:22:00", "goods": 4}, {"id": 30, "image": "http://admin.5istudy.online/media/banner/banner2.jpg", "index": 3, "add_time": "2021-11-26T13:22:00", "goods": 4}, {"id": 1820, "image": "http://admin.5istudy.online/media/banner/banner1.jpg", "index": 3, "add_time": "2021-11-26T13:22:00", "goods": 4}]
[2022-07-29 15:41:25,633][response_util.py 15][INFO]: 接口的返回内容>>>：[{"id": 23, "image": "http://admin.5istudy.online/media/banner/banner3.jpg", "index": 1, "add_time": "2021-11-26T13:22:00", "goods": 4}, {"id": 30, "image": "http://admin.5istudy.online/media/banner/banner2.jpg", "index": 3, "add_time": "2021-11-26T13:22:00", "goods": 4}, {"id": 1820, "image": "http://admin.5istudy.online/media/banner/banner1.jpg", "index": 3, "add_time": "2021-11-26T13:22:00", "goods": 4}]
[2022-07-29 15:44:58,179][mysql_util.py 29][INFO]: 执行sql：select count(1) as banner_num from goods_banner;
[2022-07-29 15:44:58,194][mysql_util.py 33][INFO]: sql执行结果：{'banner_num': 3}
[2022-07-29 15:44:58,195][rest_client.py 50][INFO]: 接口请求的地址>>>http://admin.5istudy.online/banners/
[2022-07-29 15:44:58,196][rest_client.py 51][INFO]: 接口请求的方法>>>GET
[2022-07-29 15:44:58,239][response_util.py 10][INFO]: 接口的返回内容>>>：[{"id": 23, "image": "http://admin.5istudy.online/media/banner/banner3.jpg", "index": 1, "add_time": "2021-11-26T13:22:00", "goods": 4}, {"id": 30, "image": "http://admin.5istudy.online/media/banner/banner2.jpg", "index": 3, "add_time": "2021-11-26T13:22:00", "goods": 4}, {"id": 1820, "image": "http://admin.5istudy.online/media/banner/banner1.jpg", "index": 3, "add_time": "2021-11-26T13:22:00", "goods": 4}]
[2022-07-29 15:44:58,239][response_util.py 15][INFO]: 接口的返回内容>>>：[{"id": 23, "image": "http://admin.5istudy.online/media/banner/banner3.jpg", "index": 1, "add_time": "2021-11-26T13:22:00", "goods": 4}, {"id": 30, "image": "http://admin.5istudy.online/media/banner/banner2.jpg", "index": 3, "add_time": "2021-11-26T13:22:00", "goods": 4}, {"id": 1820, "image": "http://admin.5istudy.online/media/banner/banner1.jpg", "index": 3, "add_time": "2021-11-26T13:22:00", "goods": 4}]
[2022-07-29 22:27:37,812][rest_client.py 50][INFO]: 接口请求的地址>>>http://admin.5istudy.online/login/
[2022-07-29 22:27:37,813][rest_client.py 51][INFO]: 接口请求的方法>>>POST
[2022-07-29 22:27:37,813][rest_client.py 55][INFO]: 接口请求的json参数>>>
{
  "username": 17380900323,
  "password": 123456
}
[2022-07-29 22:27:38,016][response_util.py 10][INFO]: 接口的返回内容>>>：{"token": "eyJ0eXAiOiJKV1QiLCJhbGciOiJIUzI1NiJ9.eyJ1c2VyX2lkIjoxNTkzNzEsInVzZXJuYW1lIjoiMTczODA5MDAzMjMiLCJleHAiOjE2NTk3MDk2MzcsImVtYWlsIjpudWxsfQ.6iVP0js2Ixeaoq_r-VCEppwLTrpnoqJVTp4eYddoX6Y"}
[2022-07-29 22:27:38,017][response_util.py 15][INFO]: 接口的返回内容>>>：{"token": "eyJ0eXAiOiJKV1QiLCJhbGciOiJIUzI1NiJ9.eyJ1c2VyX2lkIjoxNTkzNzEsInVzZXJuYW1lIjoiMTczODA5MDAzMjMiLCJleHAiOjE2NTk3MDk2MzcsImVtYWlsIjpudWxsfQ.6iVP0js2Ixeaoq_r-VCEppwLTrpnoqJVTp4eYddoX6Y"}
[2022-07-29 22:38:34,830][rest_client.py 50][INFO]: 接口请求的地址>>>http://admin.5istudy.online/login/
[2022-07-29 22:38:34,831][rest_client.py 51][INFO]: 接口请求的方法>>>POST
[2022-07-29 22:38:34,831][rest_client.py 55][INFO]: 接口请求的json参数>>>
{
  "username": 17380900323,
  "password": 123456
}
[2022-07-29 22:38:35,188][response_util.py 10][INFO]: 接口的返回内容>>>：{"token": "eyJ0eXAiOiJKV1QiLCJhbGciOiJIUzI1NiJ9.eyJ1c2VyX2lkIjoxNTkzNzEsInVzZXJuYW1lIjoiMTczODA5MDAzMjMiLCJleHAiOjE2NTk3MTAyOTQsImVtYWlsIjpudWxsfQ.sKrXPi2kaOrOUUo6wjM14DM8SuP2KFZarsPP5x0oGic"}
[2022-07-29 22:38:35,188][response_util.py 15][INFO]: 接口的返回内容>>>：{"token": "eyJ0eXAiOiJKV1QiLCJhbGciOiJIUzI1NiJ9.eyJ1c2VyX2lkIjoxNTkzNzEsInVzZXJuYW1lIjoiMTczODA5MDAzMjMiLCJleHAiOjE2NTk3MTAyOTQsImVtYWlsIjpudWxsfQ.sKrXPi2kaOrOUUo6wjM14DM8SuP2KFZarsPP5x0oGic"}
[2022-07-29 22:38:43,933][mysql_util.py 47][INFO]: 执行sql：delete from users_verifycode where mobile = '17380900323';
[2022-07-29 22:38:44,005][conftest.py 20][INFO]: sql执行结果：None
[2022-07-29 22:38:44,005][rest_client.py 50][INFO]: 接口请求的地址>>>http://admin.5istudy.online/code/
[2022-07-29 22:38:44,005][rest_client.py 51][INFO]: 接口请求的方法>>>POST
[2022-07-29 22:38:44,005][rest_client.py 55][INFO]: 接口请求的json参数>>>
{
  "mobile": 17380900323
}
[2022-07-29 22:38:44,073][response_util.py 14][INFO]: 接口状态码不是2开头，请检查
[2022-07-29 22:38:44,073][response_util.py 15][INFO]: 接口的返回内容>>>：{"mobile": ["用户已经存在"]}
[2022-07-29 22:38:44,148][rest_client.py 50][INFO]: 接口请求的地址>>>http://admin.5istudy.online/login/
[2022-07-29 22:38:44,148][rest_client.py 51][INFO]: 接口请求的方法>>>POST
[2022-07-29 22:38:44,149][rest_client.py 55][INFO]: 接口请求的json参数>>>
{
  "username": 17380900323,
  "password": 123456
}
[2022-07-29 22:38:44,521][response_util.py 10][INFO]: 接口的返回内容>>>：{"token": "eyJ0eXAiOiJKV1QiLCJhbGciOiJIUzI1NiJ9.eyJ1c2VyX2lkIjoxNTkzNzEsInVzZXJuYW1lIjoiMTczODA5MDAzMjMiLCJleHAiOjE2NTk3MTAzMDMsImVtYWlsIjpudWxsfQ.8kBOI4CqTfLZ4Y6ptiB9e2oAHLtMjeO_PXiAxczzPGs"}
[2022-07-29 22:38:44,521][response_util.py 15][INFO]: 接口的返回内容>>>：{"token": "eyJ0eXAiOiJKV1QiLCJhbGciOiJIUzI1NiJ9.eyJ1c2VyX2lkIjoxNTkzNzEsInVzZXJuYW1lIjoiMTczODA5MDAzMjMiLCJleHAiOjE2NTk3MTAzMDMsImVtYWlsIjpudWxsfQ.8kBOI4CqTfLZ4Y6ptiB9e2oAHLtMjeO_PXiAxczzPGs"}
[2022-07-29 22:38:44,526][rest_client.py 50][INFO]: 接口请求的地址>>>http://admin.5istudy.online/login/
[2022-07-29 22:38:44,527][rest_client.py 51][INFO]: 接口请求的方法>>>POST
[2022-07-29 22:38:44,527][rest_client.py 55][INFO]: 接口请求的json参数>>>
{
  "username": 17380900323,
  "password": 123456
}
[2022-07-29 22:38:44,789][response_util.py 10][INFO]: 接口的返回内容>>>：{"token": "eyJ0eXAiOiJKV1QiLCJhbGciOiJIUzI1NiJ9.eyJ1c2VyX2lkIjoxNTkzNzEsInVzZXJuYW1lIjoiMTczODA5MDAzMjMiLCJleHAiOjE2NTk3MTAzMDQsImVtYWlsIjpudWxsfQ.dOU_JsSmlhS9nnt4Ay-VxFHyud8GLesqfoZO76-yxO4"}
[2022-07-29 22:38:44,790][response_util.py 15][INFO]: 接口的返回内容>>>：{"token": "eyJ0eXAiOiJKV1QiLCJhbGciOiJIUzI1NiJ9.eyJ1c2VyX2lkIjoxNTkzNzEsInVzZXJuYW1lIjoiMTczODA5MDAzMjMiLCJleHAiOjE2NTk3MTAzMDQsImVtYWlsIjpudWxsfQ.dOU_JsSmlhS9nnt4Ay-VxFHyud8GLesqfoZO76-yxO4"}
[2022-07-29 22:38:58,525][rest_client.py 50][INFO]: 接口请求的地址>>>http://admin.5istudy.online/login/
[2022-07-29 22:38:58,525][rest_client.py 51][INFO]: 接口请求的方法>>>POST
[2022-07-29 22:38:58,525][rest_client.py 55][INFO]: 接口请求的json参数>>>
{
  "username": 17380900323,
  "password": 123456
}
[2022-07-29 22:38:58,783][response_util.py 10][INFO]: 接口的返回内容>>>：{"token": "eyJ0eXAiOiJKV1QiLCJhbGciOiJIUzI1NiJ9.eyJ1c2VyX2lkIjoxNTkzNzEsInVzZXJuYW1lIjoiMTczODA5MDAzMjMiLCJleHAiOjE2NTk3MTAzMTgsImVtYWlsIjpudWxsfQ.uz_ZO0CWZ2jmdaJ6qdkp3VR4wzcPqJncJbKpAjJ2TJ4"}
[2022-07-29 22:38:58,783][response_util.py 15][INFO]: 接口的返回内容>>>：{"token": "eyJ0eXAiOiJKV1QiLCJhbGciOiJIUzI1NiJ9.eyJ1c2VyX2lkIjoxNTkzNzEsInVzZXJuYW1lIjoiMTczODA5MDAzMjMiLCJleHAiOjE2NTk3MTAzMTgsImVtYWlsIjpudWxsfQ.uz_ZO0CWZ2jmdaJ6qdkp3VR4wzcPqJncJbKpAjJ2TJ4"}
[2022-07-29 22:39:07,706][rest_client.py 50][INFO]: 接口请求的地址>>>http://admin.5istudy.online/login/
[2022-07-29 22:39:07,706][rest_client.py 51][INFO]: 接口请求的方法>>>POST
[2022-07-29 22:39:07,706][rest_client.py 55][INFO]: 接口请求的json参数>>>
{
  "username": 17380900323,
  "password": 123456
}
[2022-07-29 22:39:07,961][response_util.py 10][INFO]: 接口的返回内容>>>：{"token": "eyJ0eXAiOiJKV1QiLCJhbGciOiJIUzI1NiJ9.eyJ1c2VyX2lkIjoxNTkzNzEsInVzZXJuYW1lIjoiMTczODA5MDAzMjMiLCJleHAiOjE2NTk3MTAzMjcsImVtYWlsIjpudWxsfQ.zbQpzgxhsUuPUd9II4g6Z8mlU_y21u0kgExKmPQA3gg"}
[2022-07-29 22:39:07,961][response_util.py 15][INFO]: 接口的返回内容>>>：{"token": "eyJ0eXAiOiJKV1QiLCJhbGciOiJIUzI1NiJ9.eyJ1c2VyX2lkIjoxNTkzNzEsInVzZXJuYW1lIjoiMTczODA5MDAzMjMiLCJleHAiOjE2NTk3MTAzMjcsImVtYWlsIjpudWxsfQ.zbQpzgxhsUuPUd9II4g6Z8mlU_y21u0kgExKmPQA3gg"}
[2022-07-29 22:40:54,238][rest_client.py 50][INFO]: 接口请求的地址>>>http://admin.5istudy.online/login/
[2022-07-29 22:40:54,238][rest_client.py 51][INFO]: 接口请求的方法>>>POST
[2022-07-29 22:40:54,239][rest_client.py 55][INFO]: 接口请求的json参数>>>
{
  "username": 17380900323,
  "password": 123456
}
[2022-07-29 22:40:54,414][response_util.py 10][INFO]: 接口的返回内容>>>：{"token": "eyJ0eXAiOiJKV1QiLCJhbGciOiJIUzI1NiJ9.eyJ1c2VyX2lkIjoxNTkzNzEsInVzZXJuYW1lIjoiMTczODA5MDAzMjMiLCJleHAiOjE2NTk3MTA0MzMsImVtYWlsIjpudWxsfQ.8cYBQ4pWiwuHftpbpvru0ao4VnwC0ORZV5dyNn2HIs4"}
[2022-07-29 22:40:54,415][response_util.py 15][INFO]: 接口的返回内容>>>：{"token": "eyJ0eXAiOiJKV1QiLCJhbGciOiJIUzI1NiJ9.eyJ1c2VyX2lkIjoxNTkzNzEsInVzZXJuYW1lIjoiMTczODA5MDAzMjMiLCJleHAiOjE2NTk3MTA0MzMsImVtYWlsIjpudWxsfQ.8cYBQ4pWiwuHftpbpvru0ao4VnwC0ORZV5dyNn2HIs4"}
[2022-07-29 22:41:19,100][rest_client.py 50][INFO]: 接口请求的地址>>>http://admin.5istudy.online/login/
[2022-07-29 22:41:19,100][rest_client.py 51][INFO]: 接口请求的方法>>>POST
[2022-07-29 22:41:19,101][rest_client.py 55][INFO]: 接口请求的json参数>>>
{
  "username": 17380900323,
  "password": 123456
}
[2022-07-29 22:41:19,262][response_util.py 10][INFO]: 接口的返回内容>>>：{"token": "eyJ0eXAiOiJKV1QiLCJhbGciOiJIUzI1NiJ9.eyJ1c2VyX2lkIjoxNTkzNzEsInVzZXJuYW1lIjoiMTczODA5MDAzMjMiLCJleHAiOjE2NTk3MTA0NTgsImVtYWlsIjpudWxsfQ.LC3OZt9848oqi62xGeEfn49GHprnnfXzilNA5_Xf9pg"}
[2022-07-29 22:41:19,262][response_util.py 15][INFO]: 接口的返回内容>>>：{"token": "eyJ0eXAiOiJKV1QiLCJhbGciOiJIUzI1NiJ9.eyJ1c2VyX2lkIjoxNTkzNzEsInVzZXJuYW1lIjoiMTczODA5MDAzMjMiLCJleHAiOjE2NTk3MTA0NTgsImVtYWlsIjpudWxsfQ.LC3OZt9848oqi62xGeEfn49GHprnnfXzilNA5_Xf9pg"}
[2022-07-29 22:46:36,077][rest_client.py 50][INFO]: 接口请求的地址>>>http://admin.5istudy.online/login/
[2022-07-29 22:46:36,078][rest_client.py 51][INFO]: 接口请求的方法>>>POST
[2022-07-29 22:46:36,078][rest_client.py 55][INFO]: 接口请求的json参数>>>
{
  "username": 17380900323,
  "password": 123456
}
[2022-07-29 22:46:36,235][response_util.py 10][INFO]: 接口的返回内容>>>：{"token": "eyJ0eXAiOiJKV1QiLCJhbGciOiJIUzI1NiJ9.eyJ1c2VyX2lkIjoxNTkzNzEsInVzZXJuYW1lIjoiMTczODA5MDAzMjMiLCJleHAiOjE2NTk3MTA3NzUsImVtYWlsIjpudWxsfQ.zjTN2eKe2gzCRXjR-VNeA2XzQtLHDT6QEoMgZxQsvX8"}
[2022-07-29 22:46:36,235][response_util.py 15][INFO]: 接口的返回内容>>>：{"token": "eyJ0eXAiOiJKV1QiLCJhbGciOiJIUzI1NiJ9.eyJ1c2VyX2lkIjoxNTkzNzEsInVzZXJuYW1lIjoiMTczODA5MDAzMjMiLCJleHAiOjE2NTk3MTA3NzUsImVtYWlsIjpudWxsfQ.zjTN2eKe2gzCRXjR-VNeA2XzQtLHDT6QEoMgZxQsvX8"}
[2022-07-29 22:47:21,974][rest_client.py 50][INFO]: 接口请求的地址>>>http://admin.5istudy.online/login/
[2022-07-29 22:47:21,974][rest_client.py 51][INFO]: 接口请求的方法>>>POST
[2022-07-29 22:47:21,974][rest_client.py 55][INFO]: 接口请求的json参数>>>
{
  "username": 17380900323,
  "password": 123456
}
[2022-07-29 22:47:22,129][response_util.py 10][INFO]: 接口的返回内容>>>：{"token": "eyJ0eXAiOiJKV1QiLCJhbGciOiJIUzI1NiJ9.eyJ1c2VyX2lkIjoxNTkzNzEsInVzZXJuYW1lIjoiMTczODA5MDAzMjMiLCJleHAiOjE2NTk3MTA4MjEsImVtYWlsIjpudWxsfQ.-XHRO_HE_xqg3pxaieiq_KL4OKEYQqvwOCiS8F36b60"}
[2022-07-29 22:47:22,130][response_util.py 15][INFO]: 接口的返回内容>>>：{"token": "eyJ0eXAiOiJKV1QiLCJhbGciOiJIUzI1NiJ9.eyJ1c2VyX2lkIjoxNTkzNzEsInVzZXJuYW1lIjoiMTczODA5MDAzMjMiLCJleHAiOjE2NTk3MTA4MjEsImVtYWlsIjpudWxsfQ.-XHRO_HE_xqg3pxaieiq_KL4OKEYQqvwOCiS8F36b60"}
[2022-07-29 22:48:05,048][rest_client.py 50][INFO]: 接口请求的地址>>>http://admin.5istudy.online/login/
[2022-07-29 22:48:05,048][rest_client.py 51][INFO]: 接口请求的方法>>>POST
[2022-07-29 22:48:05,048][rest_client.py 55][INFO]: 接口请求的json参数>>>
{
  "username": 17380900323,
  "password": 123456
}
[2022-07-29 22:48:05,198][response_util.py 10][INFO]: 接口的返回内容>>>：{"token": "eyJ0eXAiOiJKV1QiLCJhbGciOiJIUzI1NiJ9.eyJ1c2VyX2lkIjoxNTkzNzEsInVzZXJuYW1lIjoiMTczODA5MDAzMjMiLCJleHAiOjE2NTk3MTA4NjQsImVtYWlsIjpudWxsfQ.w5IpvlVDNsXMPTLa4cKz7H-RUxs5NZLOXMHPBeOtNhs"}
[2022-07-29 22:48:05,198][response_util.py 15][INFO]: 接口的返回内容>>>：{"token": "eyJ0eXAiOiJKV1QiLCJhbGciOiJIUzI1NiJ9.eyJ1c2VyX2lkIjoxNTkzNzEsInVzZXJuYW1lIjoiMTczODA5MDAzMjMiLCJleHAiOjE2NTk3MTA4NjQsImVtYWlsIjpudWxsfQ.w5IpvlVDNsXMPTLa4cKz7H-RUxs5NZLOXMHPBeOtNhs"}
[2022-07-29 22:55:12,097][rest_client.py 50][INFO]: 接口请求的地址>>>http://admin.5istudy.online/login/
[2022-07-29 22:55:12,098][rest_client.py 51][INFO]: 接口请求的方法>>>POST
[2022-07-29 22:55:12,098][rest_client.py 55][INFO]: 接口请求的json参数>>>
{
  "username": 17380900323,
  "password": 123456
}
[2022-07-29 22:55:12,316][response_util.py 10][INFO]: 接口的返回内容>>>：{"token": "eyJ0eXAiOiJKV1QiLCJhbGciOiJIUzI1NiJ9.eyJ1c2VyX2lkIjoxNTkzNzEsInVzZXJuYW1lIjoiMTczODA5MDAzMjMiLCJleHAiOjE2NTk3MTEyOTEsImVtYWlsIjpudWxsfQ.qUvPvm7O_R5IvPCSQoKCC2noG-0rioGRUfDMBi2tU5o"}
[2022-07-29 22:55:12,317][response_util.py 15][INFO]: 接口的返回内容>>>：{"token": "eyJ0eXAiOiJKV1QiLCJhbGciOiJIUzI1NiJ9.eyJ1c2VyX2lkIjoxNTkzNzEsInVzZXJuYW1lIjoiMTczODA5MDAzMjMiLCJleHAiOjE2NTk3MTEyOTEsImVtYWlsIjpudWxsfQ.qUvPvm7O_R5IvPCSQoKCC2noG-0rioGRUfDMBi2tU5o"}
[2022-07-29 22:55:27,368][rest_client.py 50][INFO]: 接口请求的地址>>>http://admin.5istudy.online/login/
[2022-07-29 22:55:27,368][rest_client.py 51][INFO]: 接口请求的方法>>>POST
[2022-07-29 22:55:27,369][rest_client.py 55][INFO]: 接口请求的json参数>>>
{
  "username": 17380900323,
  "password": 123456
}
[2022-07-29 22:55:27,534][response_util.py 10][INFO]: 接口的返回内容>>>：{"token": "eyJ0eXAiOiJKV1QiLCJhbGciOiJIUzI1NiJ9.eyJ1c2VyX2lkIjoxNTkzNzEsInVzZXJuYW1lIjoiMTczODA5MDAzMjMiLCJleHAiOjE2NTk3MTEzMDcsImVtYWlsIjpudWxsfQ.iuo6IWgrnj57t2vfGYABzSQkudRPkHY7aUrStbGW61I"}
[2022-07-29 22:55:27,535][response_util.py 15][INFO]: 接口的返回内容>>>：{"token": "eyJ0eXAiOiJKV1QiLCJhbGciOiJIUzI1NiJ9.eyJ1c2VyX2lkIjoxNTkzNzEsInVzZXJuYW1lIjoiMTczODA5MDAzMjMiLCJleHAiOjE2NTk3MTEzMDcsImVtYWlsIjpudWxsfQ.iuo6IWgrnj57t2vfGYABzSQkudRPkHY7aUrStbGW61I"}
[2022-07-29 22:55:37,778][rest_client.py 50][INFO]: 接口请求的地址>>>http://admin.5istudy.online/login/
[2022-07-29 22:55:37,778][rest_client.py 51][INFO]: 接口请求的方法>>>POST
[2022-07-29 22:55:37,779][rest_client.py 55][INFO]: 接口请求的json参数>>>
{
  "username": 17380900323,
  "password": 123456
}
[2022-07-29 22:55:37,944][response_util.py 10][INFO]: 接口的返回内容>>>：{"token": "eyJ0eXAiOiJKV1QiLCJhbGciOiJIUzI1NiJ9.eyJ1c2VyX2lkIjoxNTkzNzEsInVzZXJuYW1lIjoiMTczODA5MDAzMjMiLCJleHAiOjE2NTk3MTEzMTcsImVtYWlsIjpudWxsfQ.dO_o_NdTXRazU6e5XcQWzCF3YKbnYny38qvB9Ia1E5I"}
[2022-07-29 22:55:37,944][response_util.py 15][INFO]: 接口的返回内容>>>：{"token": "eyJ0eXAiOiJKV1QiLCJhbGciOiJIUzI1NiJ9.eyJ1c2VyX2lkIjoxNTkzNzEsInVzZXJuYW1lIjoiMTczODA5MDAzMjMiLCJleHAiOjE2NTk3MTEzMTcsImVtYWlsIjpudWxsfQ.dO_o_NdTXRazU6e5XcQWzCF3YKbnYny38qvB9Ia1E5I"}
[2022-07-29 23:05:47,916][rest_client.py 50][INFO]: 接口请求的地址>>>http://admin.5istudy.online/login/
[2022-07-29 23:05:47,917][rest_client.py 51][INFO]: 接口请求的方法>>>POST
[2022-07-29 23:05:47,917][rest_client.py 55][INFO]: 接口请求的json参数>>>
{
  "username": 17380900323,
  "password": 123456
}
[2022-07-29 23:05:48,069][response_util.py 10][INFO]: 接口的返回内容>>>：{"token": "eyJ0eXAiOiJKV1QiLCJhbGciOiJIUzI1NiJ9.eyJ1c2VyX2lkIjoxNTkzNzEsInVzZXJuYW1lIjoiMTczODA5MDAzMjMiLCJleHAiOjE2NTk3MTE5MjcsImVtYWlsIjpudWxsfQ.isLwu4vAHNnqWO8xyDBSN7ChxFXzTDZse51AYJeEwoU"}
[2022-07-29 23:05:48,069][response_util.py 15][INFO]: 接口的返回内容>>>：{"token": "eyJ0eXAiOiJKV1QiLCJhbGciOiJIUzI1NiJ9.eyJ1c2VyX2lkIjoxNTkzNzEsInVzZXJuYW1lIjoiMTczODA5MDAzMjMiLCJleHAiOjE2NTk3MTE5MjcsImVtYWlsIjpudWxsfQ.isLwu4vAHNnqWO8xyDBSN7ChxFXzTDZse51AYJeEwoU"}
[2022-07-29 23:09:59,246][rest_client.py 50][INFO]: 接口请求的地址>>>http://admin.5istudy.online/login/
[2022-07-29 23:09:59,246][rest_client.py 51][INFO]: 接口请求的方法>>>POST
[2022-07-29 23:09:59,246][rest_client.py 55][INFO]: 接口请求的json参数>>>
{
  "username": 17380900323,
  "password": 123456
}
[2022-07-29 23:09:59,422][response_util.py 10][INFO]: 接口的返回内容>>>：{"token": "eyJ0eXAiOiJKV1QiLCJhbGciOiJIUzI1NiJ9.eyJ1c2VyX2lkIjoxNTkzNzEsInVzZXJuYW1lIjoiMTczODA5MDAzMjMiLCJleHAiOjE2NTk3MTIxNzgsImVtYWlsIjpudWxsfQ.7kK2XvZ_Hm0MhXAY6LxoLpjtGgFLXH_su_zdtEJ5Bqg"}
[2022-07-29 23:09:59,422][response_util.py 15][INFO]: 接口的返回内容>>>：{"token": "eyJ0eXAiOiJKV1QiLCJhbGciOiJIUzI1NiJ9.eyJ1c2VyX2lkIjoxNTkzNzEsInVzZXJuYW1lIjoiMTczODA5MDAzMjMiLCJleHAiOjE2NTk3MTIxNzgsImVtYWlsIjpudWxsfQ.7kK2XvZ_Hm0MhXAY6LxoLpjtGgFLXH_su_zdtEJ5Bqg"}
[2022-07-29 23:11:04,581][rest_client.py 50][INFO]: 接口请求的地址>>>http://admin.5istudy.online/login/
[2022-07-29 23:11:04,581][rest_client.py 51][INFO]: 接口请求的方法>>>POST
[2022-07-29 23:11:04,581][rest_client.py 55][INFO]: 接口请求的json参数>>>
{
  "username": 17380900323,
  "password": 123456
}
[2022-07-29 23:11:04,733][response_util.py 10][INFO]: 接口的返回内容>>>：{"token": "eyJ0eXAiOiJKV1QiLCJhbGciOiJIUzI1NiJ9.eyJ1c2VyX2lkIjoxNTkzNzEsInVzZXJuYW1lIjoiMTczODA5MDAzMjMiLCJleHAiOjE2NTk3MTIyNDQsImVtYWlsIjpudWxsfQ.lS7ivbelAsw73uvsepkT-QA9Qz5ts-A5heZar1Z0h8U"}
[2022-07-29 23:11:04,733][response_util.py 15][INFO]: 接口的返回内容>>>：{"token": "eyJ0eXAiOiJKV1QiLCJhbGciOiJIUzI1NiJ9.eyJ1c2VyX2lkIjoxNTkzNzEsInVzZXJuYW1lIjoiMTczODA5MDAzMjMiLCJleHAiOjE2NTk3MTIyNDQsImVtYWlsIjpudWxsfQ.lS7ivbelAsw73uvsepkT-QA9Qz5ts-A5heZar1Z0h8U"}
